2026-06-03 02:34:33,555 [INFO] =================================================================
2026-06-03 02:34:33,556 [INFO] Buxgalter AI — Краулер buxgalter.uz + norma.uz
2026-06-03 02:34:33,960 [INFO] Записей в базе до: 4080
2026-06-03 02:34:33,960 [INFO] Лимит статей на категорию: 50
2026-06-03 02:34:33,961 [INFO] =================================================================
2026-06-03 02:34:33,961 [INFO] 
🌐 Начинаем buxgalter.uz...
2026-06-03 02:34:33,962 [INFO] 
=================================================================
2026-06-03 02:34:33,962 [INFO] BUXGALTER.UZ — старт краулинга
2026-06-03 02:34:33,963 [INFO] =================================================================
2026-06-03 02:34:33,964 [INFO] 
📂 НДС (https://buxgalter.uz/rubric/nds)
2026-06-03 02:34:57,036 [WARNING] Попытка 1/3: HTTPSConnectionPool(host='buxgalter.uz', port=443): Max retries exceeded with url: /rubric/nds (Caused by ConnectTimeoutError(<HTTPSConnection(host='buxgalter.uz', port=443) at 0x17d276dacf0>, 'Connection to buxgalter.uz timed out. (connect timeout=25)'))
2026-06-03 02:35:21,083 [WARNING] Попытка 2/3: HTTPSConnectionPool(host='buxgalter.uz', port=443): Max retries exceeded with url: /rubric/nds (Caused by ConnectTimeoutError(<HTTPSConnection(host='buxgalter.uz', port=443) at 0x17d2768f610>, 'Connection to buxgalter.uz timed out. (connect timeout=25)'))
2026-06-03 02:35:47,133 [WARNING] Попытка 3/3: HTTPSConnectionPool(host='buxgalter.uz', port=443): Max retries exceeded with url: /rubric/nds (Caused by ConnectTimeoutError(<HTTPSConnection(host='buxgalter.uz', port=443) at 0x17d2768fb10>, 'Connection to buxgalter.uz timed out. (connect timeout=25)'))
2026-06-03 02:35:56,136 [INFO]   Найдено ссылок: 0
2026-06-03 02:35:56,137 [WARNING]   ⚠️ Статьи не извлечены
2026-06-03 02:35:56,138 [INFO] 
📂 Налог на прибыль (https://buxgalter.uz/rubric/nalog-na-pribyl)
2026-06-03 02:36:19,176 [WARNING] Попытка 1/3: HTTPSConnectionPool(host='buxgalter.uz', port=443): Max retries exceeded with url: /rubric/nalog-na-pribyl (Caused by ConnectTimeoutError(<HTTPSConnection(host='buxgalter.uz', port=443) at 0x17d2768fd90>, 'Connection to buxgalter.uz timed out. (connect timeout=25)'))
2026-06-03 02:36:43,226 [WARNING] Попытка 2/3: HTTPSConnectionPool(host='buxgalter.uz', port=443): Max retries exceeded with url: /rubric/nalog-na-pribyl (Caused by ConnectTimeoutError(<HTTPSConnection(host='buxgalter.uz', port=443) at 0x17d2781c050>, 'Connection to buxgalter.uz timed out. (connect timeout=25)'))
2026-06-03 02:37:08,999 [INFO]   Страница 1: найдено 43 ссылок
2026-06-03 02:37:09,001 [INFO]   Найдено ссылок: 43
2026-06-03 02:37:32,064 [WARNING] Попытка 1/3: HTTPSConnectionPool(host='buxgalter.uz', port=443): Max retries exceeded with url: /publish/doc/text205049_plan_glavbuha (Caused by ConnectTimeoutError(<HTTPSConnection(host='buxgalter.uz', port=443) at 0x17d2781c2d0>, 'Connection to buxgalter.uz timed out. (connect timeout=25)'))
2026-06-03 02:37:56,132 [WARNING] Попытка 2/3: HTTPSConnectionPool(host='buxgalter.uz', port=443): Max retries exceeded with url: /publish/doc/text205049_plan_glavbuha (Caused by ConnectTimeoutError(<HTTPSConnection(host='buxgalter.uz', port=443) at 0x17d2768fc50>, 'Connection to buxgalter.uz timed out. (connect timeout=25)'))
2026-06-03 02:38:22,180 [INFO] 
⚠️ Прервано пользователем. Прогресс сохранён в ChromaDB.
2026-06-03 02:38:22,181 [INFO] 
=================================================================
2026-06-03 02:38:22,183 [INFO] ✅ ГОТОВО! Добавлено: 0 записей
2026-06-03 02:38:22,190 [INFO] ИТОГО В БАЗЕ: 4080 записей
2026-06-03 02:38:22,191 [INFO] =================================================================
