2026-06-03 01:43:09,119 [INFO] ======================================================================
2026-06-03 01:43:09,120 [INFO] Buxgalter AI — Парсинг правовых документов
2026-06-03 01:43:09,120 [INFO] Начало: 2026-06-03 01:43:09
2026-06-03 01:43:09,168 [INFO] Текущий размер базы: 447 записей
2026-06-03 01:43:09,168 [INFO] ======================================================================
2026-06-03 01:43:09,168 [INFO] 
[1/12] ══ Гражданский кодекс РУз (Часть 1) ══
2026-06-03 01:43:09,169 [INFO]   Загружаю: https://lex.uz/docs/180550
2026-06-03 01:43:14,659 [INFO]   Извлечено статей/фрагментов: 896
2026-06-03 01:43:53,236 [INFO]   ✅ Гражданский кодекс РУз (Часть 1): извлечено=894, добавлено=894
2026-06-03 01:43:53,238 [INFO]   Итого в базе: 1341 записей
2026-06-03 01:43:53,239 [INFO] 
[2/12] ══ Гражданский кодекс РУз (Часть 2) ══
2026-06-03 01:43:53,239 [INFO]   Загружаю: https://lex.uz/docs/111181
2026-06-03 01:43:57,302 [INFO]   Извлечено статей/фрагментов: 387
2026-06-03 01:44:24,687 [INFO]   ✅ Гражданский кодекс РУз (Часть 2): извлечено=387, добавлено=387
2026-06-03 01:44:24,690 [INFO]   Итого в базе: 1728 записей
2026-06-03 01:44:24,690 [INFO] 
[3/12] ══ Трудовой кодекс Республики Узбекистан ══
2026-06-03 01:44:24,694 [INFO]   Загружаю: https://lex.uz/docs/6257291
2026-06-03 01:44:31,035 [INFO]   Извлечено статей/фрагментов: 673
2026-06-03 01:45:00,521 [INFO]   ✅ Трудовой кодекс Республики Узбекистан: извлечено=667, добавлено=667
2026-06-03 01:45:04,112 [INFO]   Итого в базе: 2395 записей
2026-06-03 01:45:04,118 [INFO] 
[4/12] ══ Таможенный кодекс Республики Узбекистан ══
2026-06-03 01:45:04,121 [INFO]   Загружаю: https://lex.uz/docs/2876352
2026-06-03 01:45:10,741 [INFO]   Извлечено статей/фрагментов: 474
2026-06-03 01:45:49,432 [INFO]   ✅ Таможенный кодекс Республики Узбекистан: извлечено=474, добавлено=474
2026-06-03 01:45:49,434 [INFO]   Итого в базе: 2869 записей
2026-06-03 01:45:49,434 [INFO] 
[5/12] ══ Закон об обществах с ограниченной и дополнительной ответственностью ══
2026-06-03 01:45:49,434 [INFO]   Загружаю: https://lex.uz/ru/docs/18793
2026-06-03 01:45:51,680 [INFO]   Извлечено статей/фрагментов: 53
2026-06-03 01:45:54,301 [INFO]   ✅ Закон об обществах с ограниченной и дополнительной ответственностью: извлечено=53, добавлено=53
2026-06-03 01:45:54,303 [INFO]   Итого в базе: 2922 записей
2026-06-03 01:45:54,303 [INFO] 
[6/12] ══ Закон об акционерных обществах ══
2026-06-03 01:45:54,303 [INFO]   Загружаю: https://lex.uz/docs/14667
2026-06-03 01:45:57,261 [INFO]   Извлечено статей/фрагментов: 128
2026-06-03 01:46:14,076 [INFO]   ✅ Закон об акционерных обществах: извлечено=128, добавлено=128
2026-06-03 01:46:14,078 [INFO]   Итого в базе: 3050 записей
2026-06-03 01:46:14,078 [INFO] 
[7/12] ══ Закон о бухгалтерском учёте ══
2026-06-03 01:46:14,078 [INFO]   Загружаю: https://lex.uz/docs/2931251
2026-06-03 01:46:16,449 [INFO]   Извлечено статей/фрагментов: 32
2026-06-03 01:46:25,018 [INFO]   ✅ Закон о бухгалтерском учёте: извлечено=32, добавлено=32
2026-06-03 01:46:25,020 [INFO]   Итого в базе: 3082 записей
2026-06-03 01:46:25,020 [INFO] 
[8/12] ══ Закон об электронных счетах-фактурах (ЭСФ) ══
2026-06-03 01:46:25,020 [INFO]   Загружаю: https://lex.uz/docs/4386771
2026-06-03 01:46:27,242 [INFO]   Извлечено статей/фрагментов: 2
2026-06-03 01:46:29,604 [INFO]   ✅ Закон об электронных счетах-фактурах (ЭСФ): извлечено=2, добавлено=2
2026-06-03 01:46:29,607 [INFO]   Итого в базе: 3084 записей
2026-06-03 01:46:29,608 [INFO] 
[9/12] ══ Закон о валютном регулировании ══
2026-06-03 01:46:29,608 [INFO]   Загружаю: https://lex.uz/ru/docs/4562846
2026-06-03 01:46:32,040 [INFO]   Извлечено статей/фрагментов: 33
2026-06-03 01:46:32,041 [INFO]   Загружаю: https://lex.uz/acts/864231
2026-06-03 01:46:34,242 [INFO]   Извлечено статей/фрагментов: 5
2026-06-03 01:46:36,622 [INFO]   ✅ Закон о валютном регулировании: извлечено=38, добавлено=38
2026-06-03 01:46:36,624 [INFO]   Итого в базе: 3122 записей
2026-06-03 01:46:36,624 [INFO] 
[10/12] ══ Положения Центрального банка Узбекистана ══
2026-06-03 01:46:36,625 [INFO]   Загружаю: https://lex.uz/ru/docs/8073658
2026-06-03 01:46:38,554 [INFO]   Извлечено статей/фрагментов: 0
2026-06-03 01:46:38,555 [WARNING]   Не удалось извлечь статьи из Положения Центрального банка Узбекистана
2026-06-03 01:46:38,556 [INFO] 
[11/12] ══ Постановления Президента по налогам и бизнесу ══
2026-06-03 01:46:38,557 [INFO]   Загружаю: https://lex.uz/acts/40146
2026-06-03 01:46:40,821 [INFO]   Извлечено статей/фрагментов: 16
2026-06-03 01:46:47,471 [INFO]   ✅ Постановления Президента по налогам и бизнесу: извлечено=16, добавлено=16
2026-06-03 01:46:47,474 [INFO]   Итого в базе: 3138 записей
2026-06-03 01:46:47,475 [INFO] 
[12/12] ══ Разъяснения Государственной налоговой комитета ══
2026-06-03 01:46:47,478 [INFO]   Загружаю: https://gov.uz/ru/soliq
2026-06-03 01:46:49,773 [INFO]   Извлечено статей/фрагментов: 0
2026-06-03 01:46:49,774 [INFO]   Загружаю: https://buxgalter.uz/publish/doc/text178085_informacionnoe_soobshchenie_mf_i_gnk_po_voprosam_nalogovogo_administrirovaniya
2026-06-03 01:46:52,028 [INFO]   Извлечено фрагментов: 11
2026-06-03 01:46:53,683 [INFO]   ✅ Разъяснения Государственной налоговой комитета: извлечено=11, добавлено=11
2026-06-03 01:46:53,685 [INFO]   Итого в базе: 3149 записей
2026-06-03 01:46:53,685 [INFO] 
======================================================================
2026-06-03 01:46:53,688 [INFO] ✅ Парсинг завершён!
2026-06-03 01:46:53,688 [INFO] Добавлено записей: 2702
2026-06-03 01:46:53,690 [INFO] Итого в базе: 3149 записей
2026-06-03 01:46:53,691 [INFO] Время: 3 мин 44 сек
2026-06-03 01:46:53,692 [INFO] Прогресс сохранён: C:\Users\L-tech\buxgalter ai\parse_progress.json
2026-06-03 01:46:53,693 [INFO] ======================================================================
2026-06-03 02:01:10,678 [INFO] ======================================================================
2026-06-03 02:01:10,679 [INFO] Buxgalter AI — Парсинг правовых документов
2026-06-03 02:01:10,680 [INFO] Начало: 2026-06-03 02:01:10
2026-06-03 02:01:11,523 [INFO] Текущий размер базы: 3250 записей
2026-06-03 02:01:11,526 [INFO] ======================================================================
2026-06-03 02:01:11,545 [INFO] [1/12] ✓ Гражданский кодекс РУз (Часть 1) — уже загружен (894 записей)
2026-06-03 02:01:11,546 [INFO] [2/12] ✓ Гражданский кодекс РУз (Часть 2) — уже загружен (387 записей)
2026-06-03 02:01:11,546 [INFO] [3/12] ✓ Трудовой кодекс Республики Узбекистан — уже загружен (667 записей)
2026-06-03 02:01:11,547 [INFO] [4/12] ✓ Таможенный кодекс Республики Узбекистан — уже загружен (474 записей)
2026-06-03 02:01:11,547 [INFO] [5/12] ✓ Закон об обществах с ограниченной и дополнительной ответственностью — уже загружен (53 записей)
2026-06-03 02:01:11,548 [INFO] [6/12] ✓ Закон об акционерных обществах — уже загружен (128 записей)
2026-06-03 02:01:11,548 [INFO] [7/12] ✓ Закон о бухгалтерском учёте — уже загружен (32 записей)
2026-06-03 02:01:11,548 [INFO] 
[8/12] ══ Закон об электронных счетах-фактурах (ЭСФ) ══
2026-06-03 02:01:11,549 [INFO]   Загружаю: https://lex.uz/docs/4386771
2026-06-03 02:01:13,981 [INFO]   Извлечено статей/фрагментов: 2
2026-06-03 02:01:13,985 [INFO]   ✅ Закон об электронных счетах-фактурах (ЭСФ): извлечено=2, добавлено=0
2026-06-03 02:01:13,989 [INFO]   Итого в базе: 3250 записей
2026-06-03 02:01:13,989 [INFO] [9/12] ✓ Закон о валютном регулировании — уже загружен (38 записей)
2026-06-03 02:01:13,989 [INFO] 
[10/12] ══ Положения Центрального банка Узбекистана ══
2026-06-03 02:01:13,990 [INFO]   Загружаю: https://lex.uz/ru/docs/8073658
2026-06-03 02:01:16,520 [INFO]   Извлечено статей/фрагментов: 0
2026-06-03 02:01:16,520 [WARNING]   Не удалось извлечь статьи из Положения Центрального банка Узбекистана
2026-06-03 02:01:16,523 [INFO] [11/12] ✓ Постановления Президента по налогам и бизнесу — уже загружен (16 записей)
2026-06-03 02:01:16,526 [INFO] 
[12/12] ══ Разъяснения Государственной налоговой комитета ══
2026-06-03 02:01:16,527 [INFO]   Загружаю: https://gov.uz/ru/soliq
2026-06-03 02:01:18,909 [INFO]   Извлечено статей/фрагментов: 0
2026-06-03 02:01:18,909 [INFO]   Загружаю: https://buxgalter.uz/publish/doc/text178085_informacionnoe_soobshchenie_mf_i_gnk_po_voprosam_nalogovogo_administrirovaniya
2026-06-03 02:01:21,224 [INFO]   Извлечено фрагментов: 11
2026-06-03 02:01:21,229 [INFO]   ✅ Разъяснения Государственной налоговой комитета: извлечено=11, добавлено=0
2026-06-03 02:01:21,235 [INFO]   Итого в базе: 3250 записей
2026-06-03 02:01:21,236 [INFO] 
======================================================================
2026-06-03 02:01:21,237 [INFO] ✅ Парсинг завершён!
2026-06-03 02:01:21,238 [INFO] Добавлено записей: 0
2026-06-03 02:01:21,240 [INFO] Итого в базе: 3250 записей
2026-06-03 02:01:21,241 [INFO] Время: 0 мин 10 сек
2026-06-03 02:01:21,242 [INFO] Прогресс сохранён: C:\Users\L-tech\buxgalter ai\parse_progress.json
2026-06-03 02:01:21,242 [INFO] ======================================================================
