2026-06-03 02:02:21,048 [INFO] =================================================================
2026-06-03 02:02:21,049 [INFO] Buxgalter AI — Дополнительный парсинг
2026-06-03 02:02:21,478 [INFO] Записей в базе до: 3250
2026-06-03 02:02:21,479 [INFO] =================================================================
2026-06-03 02:02:21,479 [INFO] 
[1/9] Закон об электронной коммерции
2026-06-03 02:02:21,479 [INFO]   → https://lex.uz/ru/docs/6213428
2026-06-03 02:02:23,927 [INFO]   Извлечено: 41 фрагментов
2026-06-03 02:02:36,689 [INFO]   ✅ Добавлено: 41 записей | Итого в базе: 3291
2026-06-03 02:02:36,690 [INFO] 
[2/9] Закон об электронной цифровой подписи (ЭЦП)
2026-06-03 02:02:36,694 [INFO]   → https://lex.uz/ru/docs/6234906
2026-06-03 02:02:39,116 [INFO]   Извлечено: 42 фрагментов
2026-06-03 02:02:41,514 [INFO]   ✅ Добавлено: 42 записей | Итого в базе: 3333
2026-06-03 02:02:41,514 [INFO] 
[3/9] Закон об электронном документообороте
2026-06-03 02:02:41,518 [INFO]   → https://lex.uz/docs/165074
2026-06-03 02:02:43,761 [INFO]   Извлечено: 19 фрагментов
2026-06-03 02:02:45,387 [INFO]   ✅ Добавлено: 19 записей | Итого в базе: 3352
2026-06-03 02:02:45,387 [INFO] 
[4/9] Постановление КМ № 522 об ЭСФ
2026-06-03 02:02:45,388 [INFO]   → https://lex.uz/docs/4386771
2026-06-03 02:02:47,601 [INFO]   Извлечено: 1 фрагментов
2026-06-03 02:02:49,005 [INFO]   ✅ Добавлено: 1 записей | Итого в базе: 3353
2026-06-03 02:02:49,005 [INFO] 
[5/9] Закон о бухгалтерском учёте (полная версия)
2026-06-03 02:02:49,006 [INFO]   → https://lex.uz/acts/90764
2026-06-03 02:02:51,190 [INFO]   Извлечено: 25 фрагментов
2026-06-03 02:02:52,951 [INFO]   ✅ Добавлено: 25 записей | Итого в базе: 3378
2026-06-03 02:02:52,951 [INFO] 
[6/9] Центральный банк Узбекистана — основные положения
2026-06-03 02:02:52,952 [INFO]   → https://lex.uz/docs/14591
2026-06-03 02:02:55,081 [WARNING] HTTP 404: https://lex.uz/docs/14591
2026-06-03 02:02:57,219 [WARNING] HTTP 404: https://lex.uz/docs/14591
2026-06-03 02:02:59,343 [WARNING] HTTP 404: https://lex.uz/docs/14591
2026-06-03 02:02:59,346 [WARNING]   Нет ответа
2026-06-03 02:02:59,346 [INFO]   → https://lex.uz/docs/14589
2026-06-03 02:03:01,460 [WARNING] HTTP 404: https://lex.uz/docs/14589
2026-06-03 02:03:03,587 [WARNING] HTTP 404: https://lex.uz/docs/14589
2026-06-03 02:03:05,724 [WARNING] HTTP 404: https://lex.uz/docs/14589
2026-06-03 02:03:05,726 [WARNING]   Нет ответа
2026-06-03 02:03:05,726 [INFO]   → https://lex.uz/docs/112926
2026-06-03 02:03:07,855 [WARNING] HTTP 404: https://lex.uz/docs/112926
2026-06-03 02:03:09,985 [WARNING] HTTP 404: https://lex.uz/docs/112926
2026-06-03 02:03:12,103 [WARNING] HTTP 404: https://lex.uz/docs/112926
2026-06-03 02:03:12,105 [WARNING]   Нет ответа
2026-06-03 02:03:12,105 [WARNING]   ⚠️ Ничего не извлечено
2026-06-03 02:03:12,106 [INFO] 
[7/9] Налоговое администрирование — разъяснения ГНК
2026-06-03 02:03:12,106 [INFO]   → https://buxgalter.uz/publish/doc/text178085_informacionnoe_soobshchenie_mf_i_gnk_po_voprosam_nalogovogo_administrirovaniya
2026-06-03 02:03:14,339 [INFO]   Извлечено: 13 фрагментов
2026-06-03 02:03:14,339 [INFO]   → https://buxgalter.uz/publish/doc/text212120_kakimi_normami_dopolnen_zakon_ob_akcionernyh_obshchestvah
2026-06-03 02:03:16,553 [INFO]   Извлечено: 6 фрагментов
2026-06-03 02:03:16,553 [INFO]   → https://buxgalter.uz/publish/doc/text151822_s_1_yanvarya_2020_g_elektronnye_scheta-faktury_stanut_obyazatelnymi
2026-06-03 02:03:18,769 [INFO]   Извлечено: 6 фрагментов
2026-06-03 02:03:20,156 [INFO]   ✅ Добавлено: 25 записей | Итого в базе: 3403
2026-06-03 02:03:20,156 [INFO] 
[8/9] Постановления Президента по бизнесу 2023-2025
2026-06-03 02:03:20,158 [INFO]   → https://lex.uz/docs/6366713
2026-06-03 02:03:22,294 [WARNING] HTTP 404: https://lex.uz/docs/6366713
2026-06-03 02:03:24,419 [WARNING] HTTP 404: https://lex.uz/docs/6366713
2026-06-03 02:03:26,563 [WARNING] HTTP 404: https://lex.uz/docs/6366713
2026-06-03 02:03:26,566 [WARNING]   Нет ответа
2026-06-03 02:03:26,567 [INFO]   → https://lex.uz/docs/5398584
2026-06-03 02:03:28,695 [WARNING] HTTP 404: https://lex.uz/docs/5398584
2026-06-03 02:03:30,822 [WARNING] HTTP 404: https://lex.uz/docs/5398584
2026-06-03 02:03:32,948 [WARNING] HTTP 404: https://lex.uz/docs/5398584
2026-06-03 02:03:32,950 [WARNING]   Нет ответа
2026-06-03 02:03:32,950 [INFO]   → https://lex.uz/docs/5030424
2026-06-03 02:03:35,078 [WARNING] HTTP 404: https://lex.uz/docs/5030424
2026-06-03 02:03:37,203 [WARNING] HTTP 404: https://lex.uz/docs/5030424
2026-06-03 02:03:39,329 [WARNING] HTTP 404: https://lex.uz/docs/5030424
2026-06-03 02:03:39,331 [WARNING]   Нет ответа
2026-06-03 02:03:39,331 [INFO]   → https://lex.uz/docs/4953434
2026-06-03 02:03:41,456 [WARNING] HTTP 404: https://lex.uz/docs/4953434
2026-06-03 02:03:43,585 [WARNING] HTTP 404: https://lex.uz/docs/4953434
2026-06-03 02:03:45,712 [WARNING] HTTP 404: https://lex.uz/docs/4953434
2026-06-03 02:03:45,714 [WARNING]   Нет ответа
2026-06-03 02:03:45,715 [WARNING]   ⚠️ Ничего не извлечено
2026-06-03 02:03:45,715 [INFO] 
[9/9] НК РУз — дополнительные разделы (акциз, имущество, земля)
2026-06-03 02:03:45,717 [INFO]   → https://lex.uz/docs/4674887
2026-06-03 02:03:47,843 [WARNING] HTTP 404: https://lex.uz/docs/4674887
2026-06-03 02:03:49,968 [WARNING] HTTP 404: https://lex.uz/docs/4674887
2026-06-03 02:03:52,089 [WARNING] HTTP 404: https://lex.uz/docs/4674887
2026-06-03 02:03:52,091 [WARNING]   Нет ответа
2026-06-03 02:03:52,092 [WARNING]   ⚠️ Ничего не извлечено
2026-06-03 02:03:52,095 [INFO] 
=================================================================
2026-06-03 02:03:52,096 [INFO] ✅ Дополнительный парсинг завершён!
2026-06-03 02:03:52,097 [INFO] Добавлено: 153 записей
2026-06-03 02:03:52,100 [INFO] Итого в базе: 3403 записей
2026-06-03 02:03:52,100 [INFO] =================================================================
