2026-06-03 03:29:45,871 [INFO] ============================================================
2026-06-03 03:29:45,872 [INFO] Buxgalter AI — Официальные источники РУз
2026-06-03 03:29:46,316 [INFO] База до: 4162 записей
2026-06-03 03:29:46,316 [INFO] Лимит на категорию: 10
2026-06-03 03:29:46,317 [INFO] ============================================================
2026-06-03 03:29:46,317 [INFO] 
============================================================
2026-06-03 03:29:46,318 [INFO] 🏛️  ГНК — Государственный налоговый комитет
2026-06-03 03:29:46,318 [INFO] ============================================================
2026-06-03 03:29:46,319 [INFO] 
📂 ГНК Новости → https://soliq.uz/ru/news
2026-06-03 03:29:52,410 [INFO]   Ссылок для парсинга: 0
2026-06-03 03:29:52,410 [WARNING]   Ссылки не найдены
2026-06-03 03:29:52,411 [INFO] 
📂 ГНК Разъяснения → https://soliq.uz/ru/press-center/articles
2026-06-03 03:29:56,711 [INFO]   Ссылок для парсинга: 0
2026-06-03 03:29:56,712 [WARNING]   Ссылки не найдены
2026-06-03 03:29:56,712 [INFO] 
📂 ГНК НДС → https://soliq.uz/ru/press-center/articles?category=nds
2026-06-03 03:30:00,998 [INFO]   Ссылок для парсинга: 0
2026-06-03 03:30:00,999 [WARNING]   Ссылки не найдены
2026-06-03 03:30:01,001 [INFO] 
📂 ГНК Прибыль → https://soliq.uz/ru/press-center/articles?category=nalog-na-pribyl
2026-06-03 03:30:05,292 [INFO]   Ссылок для парсинга: 0
2026-06-03 03:30:05,293 [WARNING]   Ссылки не найдены
2026-06-03 03:30:05,295 [INFO] 
📂 ГНК НДФЛ → https://soliq.uz/ru/press-center/articles?category=ndfl
2026-06-03 03:30:09,574 [INFO]   Ссылок для парсинга: 0
2026-06-03 03:30:09,575 [WARNING]   Ссылки не найдены
2026-06-03 03:30:09,577 [INFO] 
📂 ГНК УСН → https://soliq.uz/ru/press-center/articles?category=nalog-s-oborota
2026-06-03 03:30:13,855 [INFO]   Ссылок для парсинга: 0
2026-06-03 03:30:13,856 [WARNING]   Ссылки не найдены
2026-06-03 03:30:13,858 [INFO] 
📂 ГНК Соцналог → https://soliq.uz/ru/press-center/articles?category=sotsialnyy-nalog
2026-06-03 03:30:18,135 [INFO]   Ссылок для парсинга: 0
2026-06-03 03:30:18,136 [WARNING]   Ссылки не найдены
2026-06-03 03:30:18,138 [INFO] 
📂 ГНК FAQ → https://soliq.uz/ru/faq
2026-06-03 03:30:22,420 [INFO]   Ссылок для парсинга: 0
2026-06-03 03:30:22,421 [WARNING]   Ссылки не найдены
2026-06-03 03:30:22,424 [INFO] 
📂 ГНК Сервисы → https://soliq.uz/ru/services
2026-06-03 03:30:26,704 [INFO]   Ссылок для парсинга: 0
2026-06-03 03:30:26,704 [WARNING]   Ссылки не найдены
2026-06-03 03:30:26,707 [INFO] 
ГНК — Государственный налоговый комитет: +0 записей
2026-06-03 03:30:26,709 [INFO] 
============================================================
2026-06-03 03:30:26,710 [INFO] ✅ ИТОГО ДОБАВЛЕНО: 0 записей
2026-06-03 03:30:26,714 [INFO] БАЗА ЗНАНИЙ: 4162 записей
2026-06-03 03:30:26,715 [INFO] ============================================================
2026-06-03 03:30:29,131 [INFO] ============================================================
2026-06-03 03:30:29,132 [INFO] Buxgalter AI — Официальные источники РУз
2026-06-03 03:30:29,311 [INFO] База до: 4162 записей
2026-06-03 03:30:29,311 [INFO] Лимит на категорию: 40
2026-06-03 03:30:29,314 [INFO] ============================================================
2026-06-03 03:30:29,317 [INFO] 
============================================================
2026-06-03 03:30:29,318 [INFO] 🏛️  ГНК — Государственный налоговый комитет
2026-06-03 03:30:29,319 [INFO] ============================================================
2026-06-03 03:30:29,320 [INFO] 
📂 ГНК Новости → https://soliq.uz/ru/news
2026-06-03 03:30:34,684 [INFO]   Ссылок для парсинга: 0
2026-06-03 03:30:34,685 [WARNING]   Ссылки не найдены
2026-06-03 03:30:34,687 [INFO] 
📂 ГНК Разъяснения → https://soliq.uz/ru/press-center/articles
2026-06-03 03:30:38,981 [INFO]   Ссылок для парсинга: 0
2026-06-03 03:30:38,982 [WARNING]   Ссылки не найдены
2026-06-03 03:30:38,984 [INFO] 
📂 ГНК НДС → https://soliq.uz/ru/press-center/articles?category=nds
2026-06-03 03:30:43,241 [INFO]   Ссылок для парсинга: 0
2026-06-03 03:30:43,242 [WARNING]   Ссылки не найдены
2026-06-03 03:30:43,244 [INFO] 
📂 ГНК Прибыль → https://soliq.uz/ru/press-center/articles?category=nalog-na-pribyl
2026-06-03 03:30:47,493 [INFO]   Ссылок для парсинга: 0
2026-06-03 03:30:47,494 [WARNING]   Ссылки не найдены
2026-06-03 03:30:47,496 [INFO] 
📂 ГНК НДФЛ → https://soliq.uz/ru/press-center/articles?category=ndfl
2026-06-03 03:30:51,773 [INFO]   Ссылок для парсинга: 0
2026-06-03 03:30:51,774 [WARNING]   Ссылки не найдены
2026-06-03 03:30:51,778 [INFO] 
📂 ГНК УСН → https://soliq.uz/ru/press-center/articles?category=nalog-s-oborota
2026-06-03 03:30:56,055 [INFO]   Ссылок для парсинга: 0
2026-06-03 03:30:56,056 [WARNING]   Ссылки не найдены
2026-06-03 03:30:56,063 [INFO] 
📂 ГНК Соцналог → https://soliq.uz/ru/press-center/articles?category=sotsialnyy-nalog
2026-06-03 03:31:00,354 [INFO]   Ссылок для парсинга: 0
2026-06-03 03:31:00,354 [WARNING]   Ссылки не найдены
2026-06-03 03:31:00,355 [INFO] 
📂 ГНК FAQ → https://soliq.uz/ru/faq
2026-06-03 03:31:04,655 [INFO]   Ссылок для парсинга: 0
2026-06-03 03:31:04,657 [WARNING]   Ссылки не найдены
2026-06-03 03:31:04,658 [INFO] 
📂 ГНК Сервисы → https://soliq.uz/ru/services
2026-06-03 03:31:09,355 [INFO]   Ссылок для парсинга: 0
2026-06-03 03:31:09,416 [WARNING]   Ссылки не найдены
2026-06-03 03:31:09,439 [INFO] 
ГНК — Государственный налоговый комитет: +0 записей
2026-06-03 03:31:09,454 [INFO] 
============================================================
2026-06-03 03:31:09,457 [INFO] 🏛️  Президент Республики Узбекистан
2026-06-03 03:31:09,460 [INFO] ============================================================
2026-06-03 03:31:09,461 [INFO] 
📂 ПП Постановления → https://president.uz/ru/lists/view/2
2026-06-03 03:31:15,966 [INFO]   Ссылок для парсинга: 1
2026-06-03 03:31:20,199 [INFO]   ✅ +1 записей | База: 4163
2026-06-03 03:31:20,199 [INFO] 
📂 ПП Указы → https://president.uz/ru/lists/view/1
2026-06-03 03:31:24,515 [INFO]   Ссылок для парсинга: 1
2026-06-03 03:31:28,187 [INFO]   ✅ +1 записей | База: 4164
2026-06-03 03:31:28,188 [INFO] 
📂 ПП Налоги → https://president.uz/ru/lists/view/2?q=налог
2026-06-03 03:31:32,521 [INFO]   Страница 2: +1 ссылок
2026-06-03 03:31:34,691 [INFO]   Страница 3: +1 ссылок
2026-06-03 03:31:36,858 [INFO]   Страница 4: +1 ссылок
2026-06-03 03:31:39,026 [INFO]   Страница 5: +1 ссылок
2026-06-03 03:31:39,027 [INFO]   Ссылок для парсинга: 5
2026-06-03 03:31:51,366 [INFO]   ✅ +1 записей | База: 4165
2026-06-03 03:31:51,367 [INFO] 
📂 ПП Бизнес → https://president.uz/ru/lists/view/2?q=предпринимательство
2026-06-03 03:31:55,706 [INFO]   Страница 2: +1 ссылок
2026-06-03 03:31:57,884 [INFO]   Страница 3: +1 ссылок
2026-06-03 03:32:00,731 [INFO]   Страница 4: +1 ссылок
2026-06-03 03:32:02,908 [INFO]   Страница 5: +1 ссылок
2026-06-03 03:32:02,908 [INFO]   Ссылок для парсинга: 5
2026-06-03 03:32:14,091 [INFO]   ✅ +0 записей | База: 4165
2026-06-03 03:32:14,091 [INFO] 
📂 ПП IT → https://president.uz/ru/lists/view/2?q=информационные+технологии
2026-06-03 03:32:18,455 [INFO]   Страница 2: +1 ссылок
2026-06-03 03:32:20,637 [INFO]   Страница 3: +1 ссылок
2026-06-03 03:32:22,806 [INFO]   Страница 4: +1 ссылок
2026-06-03 03:32:24,976 [INFO]   Страница 5: +1 ссылок
2026-06-03 03:32:24,977 [INFO]   Ссылок для парсинга: 5
2026-06-03 03:32:37,705 [INFO]   ✅ +1 записей | База: 4166
2026-06-03 03:32:37,706 [INFO] 
📂 ПП Инвестиции → https://president.uz/ru/lists/view/2?q=инвестиции
2026-06-03 03:32:42,044 [INFO]   Страница 2: +1 ссылок
2026-06-03 03:32:44,209 [INFO]   Страница 3: +1 ссылок
2026-06-03 03:32:46,381 [INFO]   Страница 4: +1 ссылок
2026-06-03 03:32:48,544 [INFO]   Страница 5: +1 ссылок
2026-06-03 03:32:48,545 [INFO]   Ссылок для парсинга: 5
2026-06-03 03:33:01,288 [INFO]   ✅ +1 записей | База: 4167
2026-06-03 03:33:01,289 [INFO] 
📂 ПП СЭЗ → https://president.uz/ru/lists/view/2?q=свободная+экономическая+зона
2026-06-03 03:33:05,627 [INFO]   Страница 2: +1 ссылок
2026-06-03 03:33:07,791 [INFO]   Страница 3: +1 ссылок
2026-06-03 03:33:09,957 [INFO]   Страница 4: +1 ссылок
2026-06-03 03:33:12,126 [INFO]   Страница 5: +1 ссылок
2026-06-03 03:33:12,127 [INFO]   Ссылок для парсинга: 5
2026-06-03 03:33:24,606 [INFO]   ✅ +1 записей | База: 4168
2026-06-03 03:33:24,607 [INFO] 
Президент Республики Узбекистан: +6 записей
2026-06-03 03:33:24,609 [INFO] 
============================================================
2026-06-03 03:33:24,612 [INFO] 🏛️  Министерство финансов Республики Узбекистан
2026-06-03 03:33:24,613 [INFO] ============================================================
2026-06-03 03:33:24,614 [INFO] 
📂 МФ Новости → https://mf.uz/ru/news/
2026-06-03 03:33:26,630 [WARNING]   Попытка 1: HTTPSConnectionPool(host='mf.uz', port=443): Max retries exceeded with url: /ru/news/ (Caused by NameResolutionError("HTTPSConnection(host='mf.uz', port=443): Failed to resolve 'mf.uz' ([Errno 11001] getaddrinfo failed)"))
2026-06-03 03:33:29,637 [WARNING]   Попытка 2: HTTPSConnectionPool(host='mf.uz', port=443): Max retries exceeded with url: /ru/news/ (Caused by NameResolutionError("HTTPSConnection(host='mf.uz', port=443): Failed to resolve 'mf.uz' ([Errno 11001] getaddrinfo failed)"))
2026-06-03 03:33:33,651 [WARNING]   Попытка 3: HTTPSConnectionPool(host='mf.uz', port=443): Max retries exceeded with url: /ru/news/ (Caused by NameResolutionError("HTTPSConnection(host='mf.uz', port=443): Failed to resolve 'mf.uz' ([Errno 11001] getaddrinfo failed)"))
2026-06-03 03:33:37,654 [WARNING]   Страница недоступна — пропускаем
2026-06-03 03:33:37,655 [INFO] 
📂 МФ Налоги → https://mf.uz/ru/tax/
2026-06-03 03:33:39,671 [WARNING]   Попытка 1: HTTPSConnectionPool(host='mf.uz', port=443): Max retries exceeded with url: /ru/tax/ (Caused by NameResolutionError("HTTPSConnection(host='mf.uz', port=443): Failed to resolve 'mf.uz' ([Errno 11001] getaddrinfo failed)"))
2026-06-03 03:33:42,679 [WARNING]   Попытка 2: HTTPSConnectionPool(host='mf.uz', port=443): Max retries exceeded with url: /ru/tax/ (Caused by NameResolutionError("HTTPSConnection(host='mf.uz', port=443): Failed to resolve 'mf.uz' ([Errno 11001] getaddrinfo failed)"))
2026-06-03 03:33:46,692 [WARNING]   Попытка 3: HTTPSConnectionPool(host='mf.uz', port=443): Max retries exceeded with url: /ru/tax/ (Caused by NameResolutionError("HTTPSConnection(host='mf.uz', port=443): Failed to resolve 'mf.uz' ([Errno 11001] getaddrinfo failed)"))
2026-06-03 03:33:50,696 [WARNING]   Страница недоступна — пропускаем
2026-06-03 03:33:50,697 [INFO] 
📂 МФ Бюджет → https://mf.uz/ru/budget/
2026-06-03 03:33:52,712 [WARNING]   Попытка 1: HTTPSConnectionPool(host='mf.uz', port=443): Max retries exceeded with url: /ru/budget/ (Caused by NameResolutionError("HTTPSConnection(host='mf.uz', port=443): Failed to resolve 'mf.uz' ([Errno 11001] getaddrinfo failed)"))
2026-06-03 03:33:55,720 [WARNING]   Попытка 2: HTTPSConnectionPool(host='mf.uz', port=443): Max retries exceeded with url: /ru/budget/ (Caused by NameResolutionError("HTTPSConnection(host='mf.uz', port=443): Failed to resolve 'mf.uz' ([Errno 11001] getaddrinfo failed)"))
2026-06-03 03:33:59,734 [WARNING]   Попытка 3: HTTPSConnectionPool(host='mf.uz', port=443): Max retries exceeded with url: /ru/budget/ (Caused by NameResolutionError("HTTPSConnection(host='mf.uz', port=443): Failed to resolve 'mf.uz' ([Errno 11001] getaddrinfo failed)"))
2026-06-03 03:34:03,735 [WARNING]   Страница недоступна — пропускаем
2026-06-03 03:34:03,737 [INFO] 
📂 МФ НК РУз → https://mf.uz/ru/legislation/tax-code/
2026-06-03 03:34:05,754 [WARNING]   Попытка 1: HTTPSConnectionPool(host='mf.uz', port=443): Max retries exceeded with url: /ru/legislation/tax-code/ (Caused by NameResolutionError("HTTPSConnection(host='mf.uz', port=443): Failed to resolve 'mf.uz' ([Errno 11001] getaddrinfo failed)"))
2026-06-03 03:34:08,763 [WARNING]   Попытка 2: HTTPSConnectionPool(host='mf.uz', port=443): Max retries exceeded with url: /ru/legislation/tax-code/ (Caused by NameResolutionError("HTTPSConnection(host='mf.uz', port=443): Failed to resolve 'mf.uz' ([Errno 11001] getaddrinfo failed)"))
2026-06-03 03:34:12,788 [WARNING]   Попытка 3: HTTPSConnectionPool(host='mf.uz', port=443): Max retries exceeded with url: /ru/legislation/tax-code/ (Caused by NameResolutionError("HTTPSConnection(host='mf.uz', port=443): Failed to resolve 'mf.uz' ([Errno 11001] getaddrinfo failed)"))
2026-06-03 03:34:16,790 [WARNING]   Страница недоступна — пропускаем
2026-06-03 03:34:16,791 [INFO] 
📂 МФ МСФО → https://mf.uz/ru/accounting/ifrs/
2026-06-03 03:34:18,809 [WARNING]   Попытка 1: HTTPSConnectionPool(host='mf.uz', port=443): Max retries exceeded with url: /ru/accounting/ifrs/ (Caused by NameResolutionError("HTTPSConnection(host='mf.uz', port=443): Failed to resolve 'mf.uz' ([Errno 11001] getaddrinfo failed)"))
2026-06-03 03:34:21,817 [WARNING]   Попытка 2: HTTPSConnectionPool(host='mf.uz', port=443): Max retries exceeded with url: /ru/accounting/ifrs/ (Caused by NameResolutionError("HTTPSConnection(host='mf.uz', port=443): Failed to resolve 'mf.uz' ([Errno 11001] getaddrinfo failed)"))
2026-06-03 03:34:25,834 [WARNING]   Попытка 3: HTTPSConnectionPool(host='mf.uz', port=443): Max retries exceeded with url: /ru/accounting/ifrs/ (Caused by NameResolutionError("HTTPSConnection(host='mf.uz', port=443): Failed to resolve 'mf.uz' ([Errno 11001] getaddrinfo failed)"))
2026-06-03 03:34:29,838 [WARNING]   Страница недоступна — пропускаем
2026-06-03 03:34:29,839 [INFO] 
📂 МФ НСБУ → https://mf.uz/ru/accounting/nsbu/
2026-06-03 03:34:31,853 [WARNING]   Попытка 1: HTTPSConnectionPool(host='mf.uz', port=443): Max retries exceeded with url: /ru/accounting/nsbu/ (Caused by NameResolutionError("HTTPSConnection(host='mf.uz', port=443): Failed to resolve 'mf.uz' ([Errno 11001] getaddrinfo failed)"))
2026-06-03 03:34:34,860 [WARNING]   Попытка 2: HTTPSConnectionPool(host='mf.uz', port=443): Max retries exceeded with url: /ru/accounting/nsbu/ (Caused by NameResolutionError("HTTPSConnection(host='mf.uz', port=443): Failed to resolve 'mf.uz' ([Errno 11001] getaddrinfo failed)"))
2026-06-03 03:34:38,874 [WARNING]   Попытка 3: HTTPSConnectionPool(host='mf.uz', port=443): Max retries exceeded with url: /ru/accounting/nsbu/ (Caused by NameResolutionError("HTTPSConnection(host='mf.uz', port=443): Failed to resolve 'mf.uz' ([Errno 11001] getaddrinfo failed)"))
2026-06-03 03:34:42,877 [WARNING]   Страница недоступна — пропускаем
2026-06-03 03:34:42,878 [INFO] 
📂 МФ Публикации → https://mf.uz/ru/publications/
2026-06-03 03:34:44,896 [WARNING]   Попытка 1: HTTPSConnectionPool(host='mf.uz', port=443): Max retries exceeded with url: /ru/publications/ (Caused by NameResolutionError("HTTPSConnection(host='mf.uz', port=443): Failed to resolve 'mf.uz' ([Errno 11001] getaddrinfo failed)"))
2026-06-03 03:34:47,905 [WARNING]   Попытка 2: HTTPSConnectionPool(host='mf.uz', port=443): Max retries exceeded with url: /ru/publications/ (Caused by NameResolutionError("HTTPSConnection(host='mf.uz', port=443): Failed to resolve 'mf.uz' ([Errno 11001] getaddrinfo failed)"))
2026-06-03 03:34:51,921 [WARNING]   Попытка 3: HTTPSConnectionPool(host='mf.uz', port=443): Max retries exceeded with url: /ru/publications/ (Caused by NameResolutionError("HTTPSConnection(host='mf.uz', port=443): Failed to resolve 'mf.uz' ([Errno 11001] getaddrinfo failed)"))
2026-06-03 03:34:55,924 [WARNING]   Страница недоступна — пропускаем
2026-06-03 03:34:55,925 [INFO] 
📂 МФ Разъяснения → https://mf.uz/ru/clarifications/
2026-06-03 03:34:57,946 [WARNING]   Попытка 1: HTTPSConnectionPool(host='mf.uz', port=443): Max retries exceeded with url: /ru/clarifications/ (Caused by NameResolutionError("HTTPSConnection(host='mf.uz', port=443): Failed to resolve 'mf.uz' ([Errno 11001] getaddrinfo failed)"))
2026-06-03 03:35:00,954 [WARNING]   Попытка 2: HTTPSConnectionPool(host='mf.uz', port=443): Max retries exceeded with url: /ru/clarifications/ (Caused by NameResolutionError("HTTPSConnection(host='mf.uz', port=443): Failed to resolve 'mf.uz' ([Errno 11001] getaddrinfo failed)"))
2026-06-03 03:35:04,967 [WARNING]   Попытка 3: HTTPSConnectionPool(host='mf.uz', port=443): Max retries exceeded with url: /ru/clarifications/ (Caused by NameResolutionError("HTTPSConnection(host='mf.uz', port=443): Failed to resolve 'mf.uz' ([Errno 11001] getaddrinfo failed)"))
2026-06-03 03:35:08,968 [WARNING]   Страница недоступна — пропускаем
2026-06-03 03:35:08,970 [INFO] 
Министерство финансов Республики Узбекистан: +0 записей
2026-06-03 03:35:08,975 [INFO] 
============================================================
2026-06-03 03:35:08,978 [INFO] 🏛️  Центральный банк Республики Узбекистан
2026-06-03 03:35:08,980 [INFO] ============================================================
2026-06-03 03:35:08,982 [INFO] 
📂 ЦБУ Новости → https://cbu.uz/ru/press-centre/news/
2026-06-03 03:35:12,030 [WARNING]   Страница недоступна — пропускаем
2026-06-03 03:35:12,031 [INFO] 
📂 ЦБУ Нормативы → https://cbu.uz/ru/legal-acts/
2026-06-03 03:35:14,626 [WARNING]   Страница недоступна — пропускаем
2026-06-03 03:35:14,626 [INFO] 
📂 ЦБУ Публикации → https://cbu.uz/ru/publications/
2026-06-03 03:35:20,118 [INFO]   Ссылок для парсинга: 4
2026-06-03 03:35:34,596 [INFO]   ✅ +4 записей | База: 4172
2026-06-03 03:35:34,596 [INFO] 
📂 ЦБУ Валюта → https://cbu.uz/ru/currency/
2026-06-03 03:35:37,026 [WARNING]   Страница недоступна — пропускаем
2026-06-03 03:35:37,027 [INFO] 
📂 ЦБУ Банки → https://cbu.uz/ru/financial-system/banks/
2026-06-03 03:35:39,481 [WARNING]   Страница недоступна — пропускаем
2026-06-03 03:35:39,483 [INFO] 
📂 ЦБУ Платежи → https://cbu.uz/ru/payment-system/
2026-06-03 03:35:41,915 [WARNING]   Страница недоступна — пропускаем
2026-06-03 03:35:41,916 [INFO] 
Центральный банк Республики Узбекистан: +4 записей
2026-06-03 03:35:41,918 [INFO] 
============================================================
2026-06-03 03:35:41,921 [INFO] ✅ ИТОГО ДОБАВЛЕНО: 10 записей
2026-06-03 03:35:41,925 [INFO] БАЗА ЗНАНИЙ: 4172 записей
2026-06-03 03:35:41,926 [INFO] ============================================================
2026-06-03 03:35:44,585 [INFO] ============================================================
2026-06-03 03:35:44,586 [INFO] Buxgalter AI — Официальные источники РУз
2026-06-03 03:35:44,772 [INFO] База до: 4172 записей
2026-06-03 03:35:44,773 [INFO] Лимит на категорию: 40
2026-06-03 03:35:44,775 [INFO] ============================================================
2026-06-03 03:35:44,778 [INFO] 
============================================================
2026-06-03 03:35:44,779 [INFO] 🏛️  ГНК — Государственный налоговый комитет
2026-06-03 03:35:44,780 [INFO] ============================================================
2026-06-03 03:35:44,781 [INFO] 
📂 ГНК Новости → https://soliq.uz/ru/news
2026-06-03 03:35:50,899 [INFO]   Ссылок для парсинга: 0
2026-06-03 03:35:50,899 [WARNING]   Ссылки не найдены
2026-06-03 03:35:50,904 [INFO] 
📂 ГНК Разъяснения → https://soliq.uz/ru/press-center/articles
2026-06-03 03:35:55,221 [INFO]   Ссылок для парсинга: 0
2026-06-03 03:35:55,222 [WARNING]   Ссылки не найдены
2026-06-03 03:35:55,224 [INFO] 
📂 ГНК НДС → https://soliq.uz/ru/press-center/articles?category=nds
2026-06-03 03:35:59,522 [INFO]   Ссылок для парсинга: 0
2026-06-03 03:35:59,523 [WARNING]   Ссылки не найдены
2026-06-03 03:35:59,525 [INFO] 
📂 ГНК Прибыль → https://soliq.uz/ru/press-center/articles?category=nalog-na-pribyl
2026-06-03 03:36:03,836 [INFO]   Ссылок для парсинга: 0
2026-06-03 03:36:03,837 [WARNING]   Ссылки не найдены
2026-06-03 03:36:03,839 [INFO] 
📂 ГНК НДФЛ → https://soliq.uz/ru/press-center/articles?category=ndfl
2026-06-03 03:36:08,137 [INFO]   Ссылок для парсинга: 0
2026-06-03 03:36:08,137 [WARNING]   Ссылки не найдены
2026-06-03 03:36:08,140 [INFO] 
📂 ГНК УСН → https://soliq.uz/ru/press-center/articles?category=nalog-s-oborota
2026-06-03 03:36:12,425 [INFO]   Ссылок для парсинга: 0
2026-06-03 03:36:12,426 [WARNING]   Ссылки не найдены
2026-06-03 03:36:12,428 [INFO] 
📂 ГНК Соцналог → https://soliq.uz/ru/press-center/articles?category=sotsialnyy-nalog
2026-06-03 03:36:16,717 [INFO]   Ссылок для парсинга: 0
2026-06-03 03:36:16,718 [WARNING]   Ссылки не найдены
2026-06-03 03:36:16,720 [INFO] 
📂 ГНК FAQ → https://soliq.uz/ru/faq
2026-06-03 03:36:21,042 [INFO]   Ссылок для парсинга: 0
2026-06-03 03:36:21,043 [WARNING]   Ссылки не найдены
2026-06-03 03:36:21,045 [INFO] 
📂 ГНК Сервисы → https://soliq.uz/ru/services
2026-06-03 03:36:25,367 [INFO]   Ссылок для парсинга: 0
2026-06-03 03:36:25,367 [WARNING]   Ссылки не найдены
2026-06-03 03:36:25,370 [INFO] 
ГНК — Государственный налоговый комитет: +0 записей
2026-06-03 03:36:25,373 [INFO] 
============================================================
2026-06-03 03:36:25,374 [INFO] ✅ ИТОГО ДОБАВЛЕНО: 0 записей
2026-06-03 03:36:25,378 [INFO] БАЗА ЗНАНИЙ: 4172 записей
2026-06-03 03:36:25,379 [INFO] ============================================================
2026-06-03 03:36:29,171 [INFO] ============================================================
2026-06-03 03:36:29,172 [INFO] Buxgalter AI — Официальные источники РУз
2026-06-03 03:36:29,612 [INFO] База до: 4172 записей
2026-06-03 03:36:29,613 [INFO] Лимит на категорию: 40
2026-06-03 03:36:29,615 [INFO] ============================================================
2026-06-03 03:36:29,618 [INFO] 
============================================================
2026-06-03 03:36:29,619 [INFO] 🏛️  Президент Республики Узбекистан
2026-06-03 03:36:29,620 [INFO] ============================================================
2026-06-03 03:36:29,621 [INFO] 
📂 ПП Постановления → https://president.uz/ru/lists/view/2
2026-06-03 03:36:34,594 [INFO]   Ссылок для парсинга: 1
2026-06-03 03:36:36,835 [INFO]   ✅ +0 записей | База: 4172
2026-06-03 03:36:36,836 [INFO] 
📂 ПП Указы → https://president.uz/ru/lists/view/1
2026-06-03 03:36:41,146 [INFO]   Ссылок для парсинга: 1
2026-06-03 03:36:43,346 [INFO]   ✅ +0 записей | База: 4172
2026-06-03 03:36:43,347 [INFO] 
📂 ПП Налоги → https://president.uz/ru/lists/view/2?q=налог
2026-06-03 03:36:47,677 [INFO]   Страница 2: +1 ссылок
2026-06-03 03:36:49,843 [INFO]   Страница 3: +1 ссылок
2026-06-03 03:36:52,011 [INFO]   Страница 4: +1 ссылок
2026-06-03 03:36:54,179 [INFO]   Страница 5: +1 ссылок
2026-06-03 03:36:54,180 [INFO]   Ссылок для парсинга: 5
2026-06-03 03:37:05,356 [INFO]   ✅ +0 записей | База: 4172
2026-06-03 03:37:05,356 [INFO] 
📂 ПП Бизнес → https://president.uz/ru/lists/view/2?q=предпринимательство
2026-06-03 03:37:09,689 [INFO]   Страница 2: +1 ссылок
2026-06-03 03:37:11,862 [INFO]   Страница 3: +1 ссылок
2026-06-03 03:37:14,040 [INFO]   Страница 4: +1 ссылок
2026-06-03 03:37:16,224 [INFO]   Страница 5: +1 ссылок
2026-06-03 03:37:16,225 [INFO]   Ссылок для парсинга: 5
2026-06-03 03:37:27,395 [INFO]   ✅ +0 записей | База: 4172
2026-06-03 03:37:27,395 [INFO] 
📂 ПП IT → https://president.uz/ru/lists/view/2?q=информационные+технологии
2026-06-03 03:37:31,730 [INFO]   Страница 2: +1 ссылок
2026-06-03 03:37:33,899 [INFO]   Страница 3: +1 ссылок
2026-06-03 03:37:36,064 [INFO]   Страница 4: +1 ссылок
2026-06-03 03:37:38,232 [INFO]   Страница 5: +1 ссылок
2026-06-03 03:37:38,233 [INFO]   Ссылок для парсинга: 5
2026-06-03 03:37:49,438 [INFO]   ✅ +0 записей | База: 4172
2026-06-03 03:37:49,438 [INFO] 
📂 ПП Инвестиции → https://president.uz/ru/lists/view/2?q=инвестиции
2026-06-03 03:37:53,771 [INFO]   Страница 2: +1 ссылок
2026-06-03 03:37:55,934 [INFO]   Страница 3: +1 ссылок
2026-06-03 03:37:58,109 [INFO]   Страница 4: +1 ссылок
2026-06-03 03:38:00,275 [INFO]   Страница 5: +1 ссылок
2026-06-03 03:38:00,276 [INFO]   Ссылок для парсинга: 5
2026-06-03 03:38:11,464 [INFO]   ✅ +0 записей | База: 4172
2026-06-03 03:38:11,465 [INFO] 
📂 ПП СЭЗ → https://president.uz/ru/lists/view/2?q=свободная+экономическая+зона
2026-06-03 03:38:15,827 [INFO]   Страница 2: +1 ссылок
2026-06-03 03:38:17,991 [INFO]   Страница 3: +1 ссылок
2026-06-03 03:38:20,160 [INFO]   Страница 4: +1 ссылок
2026-06-03 03:38:22,330 [INFO]   Страница 5: +1 ссылок
2026-06-03 03:38:22,331 [INFO]   Ссылок для парсинга: 5
2026-06-03 03:38:33,514 [INFO]   ✅ +0 записей | База: 4172
2026-06-03 03:38:33,515 [INFO] 
Президент Республики Узбекистан: +0 записей
2026-06-03 03:38:33,517 [INFO] 
============================================================
2026-06-03 03:38:33,520 [INFO] ✅ ИТОГО ДОБАВЛЕНО: 0 записей
2026-06-03 03:38:33,522 [INFO] БАЗА ЗНАНИЙ: 4172 записей
2026-06-03 03:38:33,523 [INFO] ============================================================
2026-06-03 03:38:35,965 [INFO] ============================================================
2026-06-03 03:38:35,966 [INFO] Buxgalter AI — Официальные источники РУз
2026-06-03 03:38:36,164 [INFO] База до: 4172 записей
2026-06-03 03:38:36,165 [INFO] Лимит на категорию: 40
2026-06-03 03:38:36,167 [INFO] ============================================================
2026-06-03 03:38:36,168 [INFO] 
============================================================
2026-06-03 03:38:36,171 [INFO] 🏛️  Министерство финансов Республики Узбекистан
2026-06-03 03:38:36,172 [INFO] ============================================================
2026-06-03 03:38:36,173 [INFO] 
📂 МФ Новости → https://mf.uz/ru/news/
2026-06-03 03:38:38,197 [WARNING]   Попытка 1: HTTPSConnectionPool(host='mf.uz', port=443): Max retries exceeded with url: /ru/news/ (Caused by NameResolutionError("HTTPSConnection(host='mf.uz', port=443): Failed to resolve 'mf.uz' ([Errno 11001] getaddrinfo failed)"))
2026-06-03 03:38:41,201 [WARNING]   Попытка 2: HTTPSConnectionPool(host='mf.uz', port=443): Max retries exceeded with url: /ru/news/ (Caused by NameResolutionError("HTTPSConnection(host='mf.uz', port=443): Failed to resolve 'mf.uz' ([Errno 11001] getaddrinfo failed)"))
2026-06-03 03:38:45,216 [WARNING]   Попытка 3: HTTPSConnectionPool(host='mf.uz', port=443): Max retries exceeded with url: /ru/news/ (Caused by NameResolutionError("HTTPSConnection(host='mf.uz', port=443): Failed to resolve 'mf.uz' ([Errno 11001] getaddrinfo failed)"))
2026-06-03 03:38:49,218 [WARNING]   Страница недоступна — пропускаем
2026-06-03 03:38:49,220 [INFO] 
📂 МФ Налоги → https://mf.uz/ru/tax/
2026-06-03 03:38:51,238 [WARNING]   Попытка 1: HTTPSConnectionPool(host='mf.uz', port=443): Max retries exceeded with url: /ru/tax/ (Caused by NameResolutionError("HTTPSConnection(host='mf.uz', port=443): Failed to resolve 'mf.uz' ([Errno 11001] getaddrinfo failed)"))
2026-06-03 03:38:54,245 [WARNING]   Попытка 2: HTTPSConnectionPool(host='mf.uz', port=443): Max retries exceeded with url: /ru/tax/ (Caused by NameResolutionError("HTTPSConnection(host='mf.uz', port=443): Failed to resolve 'mf.uz' ([Errno 11001] getaddrinfo failed)"))
2026-06-03 03:38:58,254 [WARNING]   Попытка 3: HTTPSConnectionPool(host='mf.uz', port=443): Max retries exceeded with url: /ru/tax/ (Caused by NameResolutionError("HTTPSConnection(host='mf.uz', port=443): Failed to resolve 'mf.uz' ([Errno 11001] getaddrinfo failed)"))
2026-06-03 03:39:02,256 [WARNING]   Страница недоступна — пропускаем
2026-06-03 03:39:02,258 [INFO] 
📂 МФ Бюджет → https://mf.uz/ru/budget/
2026-06-03 03:39:04,274 [WARNING]   Попытка 1: HTTPSConnectionPool(host='mf.uz', port=443): Max retries exceeded with url: /ru/budget/ (Caused by NameResolutionError("HTTPSConnection(host='mf.uz', port=443): Failed to resolve 'mf.uz' ([Errno 11001] getaddrinfo failed)"))
2026-06-03 03:39:07,282 [WARNING]   Попытка 2: HTTPSConnectionPool(host='mf.uz', port=443): Max retries exceeded with url: /ru/budget/ (Caused by NameResolutionError("HTTPSConnection(host='mf.uz', port=443): Failed to resolve 'mf.uz' ([Errno 11001] getaddrinfo failed)"))
2026-06-03 03:39:11,296 [WARNING]   Попытка 3: HTTPSConnectionPool(host='mf.uz', port=443): Max retries exceeded with url: /ru/budget/ (Caused by NameResolutionError("HTTPSConnection(host='mf.uz', port=443): Failed to resolve 'mf.uz' ([Errno 11001] getaddrinfo failed)"))
2026-06-03 03:39:15,299 [WARNING]   Страница недоступна — пропускаем
2026-06-03 03:39:15,299 [INFO] 
📂 МФ НК РУз → https://mf.uz/ru/legislation/tax-code/
2026-06-03 03:39:17,315 [WARNING]   Попытка 1: HTTPSConnectionPool(host='mf.uz', port=443): Max retries exceeded with url: /ru/legislation/tax-code/ (Caused by NameResolutionError("HTTPSConnection(host='mf.uz', port=443): Failed to resolve 'mf.uz' ([Errno 11001] getaddrinfo failed)"))
2026-06-03 03:39:20,323 [WARNING]   Попытка 2: HTTPSConnectionPool(host='mf.uz', port=443): Max retries exceeded with url: /ru/legislation/tax-code/ (Caused by NameResolutionError("HTTPSConnection(host='mf.uz', port=443): Failed to resolve 'mf.uz' ([Errno 11001] getaddrinfo failed)"))
2026-06-03 03:39:24,339 [WARNING]   Попытка 3: HTTPSConnectionPool(host='mf.uz', port=443): Max retries exceeded with url: /ru/legislation/tax-code/ (Caused by NameResolutionError("HTTPSConnection(host='mf.uz', port=443): Failed to resolve 'mf.uz' ([Errno 11001] getaddrinfo failed)"))
2026-06-03 03:39:28,342 [WARNING]   Страница недоступна — пропускаем
2026-06-03 03:39:28,344 [INFO] 
📂 МФ МСФО → https://mf.uz/ru/accounting/ifrs/
2026-06-03 03:39:30,360 [WARNING]   Попытка 1: HTTPSConnectionPool(host='mf.uz', port=443): Max retries exceeded with url: /ru/accounting/ifrs/ (Caused by NameResolutionError("HTTPSConnection(host='mf.uz', port=443): Failed to resolve 'mf.uz' ([Errno 11001] getaddrinfo failed)"))
2026-06-03 03:39:33,368 [WARNING]   Попытка 2: HTTPSConnectionPool(host='mf.uz', port=443): Max retries exceeded with url: /ru/accounting/ifrs/ (Caused by NameResolutionError("HTTPSConnection(host='mf.uz', port=443): Failed to resolve 'mf.uz' ([Errno 11001] getaddrinfo failed)"))
2026-06-03 03:39:37,384 [WARNING]   Попытка 3: HTTPSConnectionPool(host='mf.uz', port=443): Max retries exceeded with url: /ru/accounting/ifrs/ (Caused by NameResolutionError("HTTPSConnection(host='mf.uz', port=443): Failed to resolve 'mf.uz' ([Errno 11001] getaddrinfo failed)"))
2026-06-03 03:39:41,388 [WARNING]   Страница недоступна — пропускаем
2026-06-03 03:39:41,389 [INFO] 
📂 МФ НСБУ → https://mf.uz/ru/accounting/nsbu/
2026-06-03 03:39:43,406 [WARNING]   Попытка 1: HTTPSConnectionPool(host='mf.uz', port=443): Max retries exceeded with url: /ru/accounting/nsbu/ (Caused by NameResolutionError("HTTPSConnection(host='mf.uz', port=443): Failed to resolve 'mf.uz' ([Errno 11001] getaddrinfo failed)"))
2026-06-03 03:39:46,414 [WARNING]   Попытка 2: HTTPSConnectionPool(host='mf.uz', port=443): Max retries exceeded with url: /ru/accounting/nsbu/ (Caused by NameResolutionError("HTTPSConnection(host='mf.uz', port=443): Failed to resolve 'mf.uz' ([Errno 11001] getaddrinfo failed)"))
2026-06-03 03:39:50,430 [WARNING]   Попытка 3: HTTPSConnectionPool(host='mf.uz', port=443): Max retries exceeded with url: /ru/accounting/nsbu/ (Caused by NameResolutionError("HTTPSConnection(host='mf.uz', port=443): Failed to resolve 'mf.uz' ([Errno 11001] getaddrinfo failed)"))
2026-06-03 03:39:54,434 [WARNING]   Страница недоступна — пропускаем
2026-06-03 03:39:54,435 [INFO] 
📂 МФ Публикации → https://mf.uz/ru/publications/
2026-06-03 03:39:56,449 [WARNING]   Попытка 1: HTTPSConnectionPool(host='mf.uz', port=443): Max retries exceeded with url: /ru/publications/ (Caused by NameResolutionError("HTTPSConnection(host='mf.uz', port=443): Failed to resolve 'mf.uz' ([Errno 11001] getaddrinfo failed)"))
2026-06-03 03:39:59,456 [WARNING]   Попытка 2: HTTPSConnectionPool(host='mf.uz', port=443): Max retries exceeded with url: /ru/publications/ (Caused by NameResolutionError("HTTPSConnection(host='mf.uz', port=443): Failed to resolve 'mf.uz' ([Errno 11001] getaddrinfo failed)"))
2026-06-03 03:40:03,470 [WARNING]   Попытка 3: HTTPSConnectionPool(host='mf.uz', port=443): Max retries exceeded with url: /ru/publications/ (Caused by NameResolutionError("HTTPSConnection(host='mf.uz', port=443): Failed to resolve 'mf.uz' ([Errno 11001] getaddrinfo failed)"))
2026-06-03 03:40:07,474 [WARNING]   Страница недоступна — пропускаем
2026-06-03 03:40:07,475 [INFO] 
📂 МФ Разъяснения → https://mf.uz/ru/clarifications/
2026-06-03 03:40:09,493 [WARNING]   Попытка 1: HTTPSConnectionPool(host='mf.uz', port=443): Max retries exceeded with url: /ru/clarifications/ (Caused by NameResolutionError("HTTPSConnection(host='mf.uz', port=443): Failed to resolve 'mf.uz' ([Errno 11001] getaddrinfo failed)"))
2026-06-03 03:40:12,502 [WARNING]   Попытка 2: HTTPSConnectionPool(host='mf.uz', port=443): Max retries exceeded with url: /ru/clarifications/ (Caused by NameResolutionError("HTTPSConnection(host='mf.uz', port=443): Failed to resolve 'mf.uz' ([Errno 11001] getaddrinfo failed)"))
2026-06-03 03:40:16,514 [WARNING]   Попытка 3: HTTPSConnectionPool(host='mf.uz', port=443): Max retries exceeded with url: /ru/clarifications/ (Caused by NameResolutionError("HTTPSConnection(host='mf.uz', port=443): Failed to resolve 'mf.uz' ([Errno 11001] getaddrinfo failed)"))
2026-06-03 03:40:20,517 [WARNING]   Страница недоступна — пропускаем
2026-06-03 03:40:20,518 [INFO] 
Министерство финансов Республики Узбекистан: +0 записей
2026-06-03 03:40:20,525 [INFO] 
============================================================
2026-06-03 03:40:20,528 [INFO] ✅ ИТОГО ДОБАВЛЕНО: 0 записей
2026-06-03 03:40:20,536 [INFO] БАЗА ЗНАНИЙ: 4172 записей
2026-06-03 03:40:20,536 [INFO] ============================================================
2026-06-03 03:40:22,790 [INFO] ============================================================
2026-06-03 03:40:22,791 [INFO] Buxgalter AI — Официальные источники РУз
2026-06-03 03:40:22,981 [INFO] База до: 4172 записей
2026-06-03 03:40:22,981 [INFO] Лимит на категорию: 40
2026-06-03 03:40:22,983 [INFO] ============================================================
2026-06-03 03:40:22,983 [INFO] 
============================================================
2026-06-03 03:40:22,986 [INFO] 🏛️  Центральный банк Республики Узбекистан
2026-06-03 03:40:22,986 [INFO] ============================================================
2026-06-03 03:40:22,987 [INFO] 
📂 ЦБУ Новости → https://cbu.uz/ru/press-centre/news/
2026-06-03 03:40:25,959 [WARNING]   Страница недоступна — пропускаем
2026-06-03 03:40:25,960 [INFO] 
📂 ЦБУ Нормативы → https://cbu.uz/ru/legal-acts/
2026-06-03 03:40:28,379 [WARNING]   Страница недоступна — пропускаем
2026-06-03 03:40:28,380 [INFO] 
📂 ЦБУ Публикации → https://cbu.uz/ru/publications/
2026-06-03 03:40:33,604 [INFO]   Ссылок для парсинга: 4
2026-06-03 03:40:44,925 [INFO]   ✅ +0 записей | База: 4172
2026-06-03 03:40:44,926 [INFO] 
📂 ЦБУ Валюта → https://cbu.uz/ru/currency/
2026-06-03 03:40:47,477 [WARNING]   Страница недоступна — пропускаем
2026-06-03 03:40:47,478 [INFO] 
📂 ЦБУ Банки → https://cbu.uz/ru/financial-system/banks/
2026-06-03 03:40:50,070 [WARNING]   Страница недоступна — пропускаем
2026-06-03 03:40:50,071 [INFO] 
📂 ЦБУ Платежи → https://cbu.uz/ru/payment-system/
2026-06-03 03:40:52,471 [WARNING]   Страница недоступна — пропускаем
2026-06-03 03:40:52,472 [INFO] 
Центральный банк Республики Узбекистан: +0 записей
2026-06-03 03:40:52,477 [INFO] 
============================================================
2026-06-03 03:40:52,481 [INFO] ✅ ИТОГО ДОБАВЛЕНО: 0 записей
2026-06-03 03:40:52,485 [INFO] БАЗА ЗНАНИЙ: 4172 записей
2026-06-03 03:40:52,486 [INFO] ============================================================
